<?xml version="1.0" encoding="UTF-8"?>
<!-- Generated by org.testng.reporters.JUnitXMLReporter -->
<testsuite hostname="GokulaKrishnan" name="FlipkartTest" tests="3" failures="0" timestamp="7 Dec 2020 21:00:42 GMT" time="69.612" errors="0">
  <testcase name="sortProduct" time="43.329" classname="executeTests.FlipkartTest"/>
  <testcase name="getProductResults" time="66.413" classname="executeTests.FlipkartTest"/>
  <testcase name="sortProduct" time="69.565" classname="executeTests.FlipkartTest"/>
</testsuite> <!-- FlipkartTest -->
