<?xml version="1.0" encoding="UTF-8"?>
<testng-results skipped="0" failed="0" total="3" passed="3">
  <reporter-output>
    <line>
      <![CDATA[Chrome Browser launched]]>
    </line>
    <line>
      <![CDATA[Chrome Browser launched]]>
    </line>
    <line>
      <![CDATA[Chrome Browser launched]]>
    </line>
    <line>
      <![CDATA[Application url opened in the browser]]>
    </line>
    <line>
      <![CDATA[Home Page Loaded Successfully]]>
    </line>
    <line>
      <![CDATA[Honor is populated in Product]]>
    </line>
    <line>
      <![CDATA[Login Close Button is clicked in the webpage]]>
    </line>
    <line>
      <![CDATA[Search Button is clicked in the webpage]]>
    </line>
    <line>
      <![CDATA[Search Button is clicked in the webpage]]>
    </line>
    <line>
      <![CDATA[Application url opened in the browser]]>
    </line>
    <line>
      <![CDATA[Home Page Loaded Successfully]]>
    </line>
    <line>
      <![CDATA[Redmi is populated in Product]]>
    </line>
    <line>
      <![CDATA[Application url opened in the browser]]>
    </line>
    <line>
      <![CDATA[Home Page Loaded Successfully]]>
    </line>
    <line>
      <![CDATA[Sony is populated in Product]]>
    </line>
    <line>
      <![CDATA[Login Close Button is clicked in the webpage]]>
    </line>
    <line>
      <![CDATA[Login Close Button is clicked in the webpage]]>
    </line>
    <line>
      <![CDATA[Search Button is clicked in the webpage]]>
    </line>
    <line>
      <![CDATA[Search Button is clicked in the webpage]]>
    </line>
    <line>
      <![CDATA[High to Low Sort is clicked in the webpage]]>
    </line>
    <line>
      <![CDATA[Search Button is clicked in the webpage]]>
    </line>
    <line>
      <![CDATA[Search Button is clicked in the webpage]]>
    </line>
    <line>
      <![CDATA[High to Low Sort is clicked in the webpage]]>
    </line>
    <line>
      <![CDATA[Prodct Name: "Black, Stereo Channel" Product Price: ₹67,990]]>
    </line>
    <line>
      <![CDATA[Prodct Name: "Black, 2.0 Channel" Product Price: ₹42,990]]>
    </line>
    <line>
      <![CDATA[Prodct Name: "Black, Stereo Channel" Product Price: ₹41,247]]>
    </line>
    <line>
      <![CDATA[Prodct Name: "Black, 3.1 Channel" Product Price: ₹39,990]]>
    </line>
    <line>
      <![CDATA[Prodct Name: "White, Pink, In the Ear" Product Price: ₹37,653]]>
    </line>
    <line>
      <![CDATA[Prodct Name: "Blue, On the Ear" Product Price: ₹36,369]]>
    </line>
    <line>
      <![CDATA[Prodct Name: "Green, On the Ear" Product Price: ₹34,178]]>
    </line>
    <line>
      <![CDATA[Prodct Name: "Black" Product Price: ₹1,45,999]]>
    </line>
    <line>
      <![CDATA[Prodct Name: "Black" Product Price: ₹1,34,999]]>
    </line>
    <line>
      <![CDATA[Prodct Name: "Black" Product Price: ₹1,03,799]]>
    </line>
    <line>
      <![CDATA[Prodct Name: "Black" Product Price: ₹1,02,490]]>
    </line>
    <line>
      <![CDATA[Prodct Name: "KD-65A8F" Product Price: ₹2,59,999]]>
    </line>
    <line>
      <![CDATA[Prodct Name: "KD-65A8G" Product Price: ₹2,32,490]]>
    </line>
    <line>
      <![CDATA[Prodct Name: "English, Hardcover, unknown" Product Price: ₹83,016]]>
    </line>
    <line>
      <![CDATA[Prodct Name: "Black, In the Ear" Product Price: ₹33,740]]>
    </line>
    <line>
      <![CDATA[Prodct Name: "Brown, Mono Channel" Product Price: ₹33,700]]>
    </line>
    <line>
      <![CDATA[Prodct Name: "Black, 5.1 Channel" Product Price: ₹31,999]]>
    </line>
    <line>
      <![CDATA[Prodct Name: "Black, 5.1 Channel" Product Price: ₹31,990]]>
    </line>
    <line>
      <![CDATA[Prodct Name: "Black, 2.1 Channel" Product Price: ₹30,999]]>
    </line>
    <line>
      <![CDATA[Prodct Name: "Black, 2.0 Channel" Product Price: ₹29,990]]>
    </line>
    <line>
      <![CDATA[Prodct Name: "Silver, On the Ear" Product Price: ₹28,990]]>
    </line>
    <line>
      <![CDATA[Prodct Name: "20.1 MP, 8x Optical Zoom, 4x Maximum (32x Combined Zoom) Digital Zoom, Black" Product Price: ₹84,999]]>
    </line>
    <line>
      <![CDATA[Prodct Name: "Black" Product Price: ₹79,999]]>
    </line>
    <line>
      <![CDATA[Prodct Name: "Black, For PS4" Product Price: ₹48,788]]>
    </line>
    <line>
      <![CDATA[Prodct Name: "20.1 MP, 2.9 Optical Zoom, 44x Digital Zoom, Black" Product Price: ₹44,999]]>
    </line>
    <line>
      <![CDATA[Prodct Name: "KD-55A8G" Product Price: ₹1,69,999]]>
    </line>
    <line>
      <![CDATA[Prodct Name: "KD-65X8000H" Product Price: ₹1,27,450]]>
    </line>
    <line>
      <![CDATA[Prodct Name: "English, Hardcover, unknown" Product Price: ₹74,635]]>
    </line>
    <line>
      <![CDATA[Prodct Name: "Black, 5.1 Channel" Product Price: ₹22,990]]>
    </line>
    <line>
      <![CDATA[Prodct Name: "Black, In the Ear" Product Price: ₹21,990]]>
    </line>
    <line>
      <![CDATA[Prodct Name: "Black, On the Ear" Product Price: ₹19,990]]>
    </line>
    <line>
      <![CDATA[Prodct Name: "Black, 5.1 Channel" Product Price: ₹19,990]]>
    </line>
    <line>
      <![CDATA[Prodct Name: "Black, 2.0 Channel" Product Price: ₹19,990]]>
    </line>
    <line>
      <![CDATA[Prodct Name: "Black, True Wireless" Product Price: ₹19,990]]>
    </line>
    <line>
      <![CDATA[Prodct Name: "Black, 3.1 Channel" Product Price: ₹19,990]]>
    </line>
    <line>
      <![CDATA[Prodct Name: "Black" Product Price: ₹43,990]]>
    </line>
    <line>
      <![CDATA[Prodct Name: "Black" Product Price: ₹43,190]]>
    </line>
    <line>
      <![CDATA[Prodct Name: "Black, For PS4" Product Price: ₹39,999]]>
    </line>
    <line>
      <![CDATA[Prodct Name: "Black" Product Price: ₹39,990]]>
    </line>
    <line>
      <![CDATA[Prodct Name: "KD-55X9500G" Product Price: ₹1,11,590]]>
    </line>
    <line>
      <![CDATA[High to Low Sort is clicked in the webpage]]>
    </line>
  </reporter-output>
  <suite name="Suite" duration-ms="69612" started-at="2020-12-07T20:59:33Z" finished-at="2020-12-07T21:00:42Z">
    <groups>
    </groups>
    <test name="FlipkartTest" duration-ms="69612" started-at="2020-12-07T20:59:33Z" finished-at="2020-12-07T21:00:42Z">
      <class name="executeTests.FlipkartTest">
        <test-method status="PASS" signature="getProductResults()[pri:0, instance:executeTests.FlipkartTest@527740a2]" name="getProductResults" duration-ms="66413" started-at="2020-12-08T02:29:33Z" finished-at="2020-12-08T02:30:39Z">
          <reporter-output>
            <line>
              <![CDATA[Chrome Browser launched]]>
            </line>
            <line>
              <![CDATA[Application url opened in the browser]]>
            </line>
            <line>
              <![CDATA[Home Page Loaded Successfully]]>
            </line>
            <line>
              <![CDATA[Sony is populated in Product]]>
            </line>
            <line>
              <![CDATA[Login Close Button is clicked in the webpage]]>
            </line>
            <line>
              <![CDATA[Search Button is clicked in the webpage]]>
            </line>
            <line>
              <![CDATA[Search Button is clicked in the webpage]]>
            </line>
            <line>
              <![CDATA[High to Low Sort is clicked in the webpage]]>
            </line>
            <line>
              <![CDATA[Prodct Name: "Black, Stereo Channel" Product Price: ₹67,990]]>
            </line>
            <line>
              <![CDATA[Prodct Name: "Black, 2.0 Channel" Product Price: ₹42,990]]>
            </line>
            <line>
              <![CDATA[Prodct Name: "Black, Stereo Channel" Product Price: ₹41,247]]>
            </line>
            <line>
              <![CDATA[Prodct Name: "Black, 3.1 Channel" Product Price: ₹39,990]]>
            </line>
            <line>
              <![CDATA[Prodct Name: "White, Pink, In the Ear" Product Price: ₹37,653]]>
            </line>
            <line>
              <![CDATA[Prodct Name: "Blue, On the Ear" Product Price: ₹36,369]]>
            </line>
            <line>
              <![CDATA[Prodct Name: "Green, On the Ear" Product Price: ₹34,178]]>
            </line>
            <line>
              <![CDATA[Prodct Name: "Black" Product Price: ₹1,45,999]]>
            </line>
            <line>
              <![CDATA[Prodct Name: "Black" Product Price: ₹1,34,999]]>
            </line>
            <line>
              <![CDATA[Prodct Name: "Black" Product Price: ₹1,03,799]]>
            </line>
            <line>
              <![CDATA[Prodct Name: "Black" Product Price: ₹1,02,490]]>
            </line>
            <line>
              <![CDATA[Prodct Name: "KD-65A8F" Product Price: ₹2,59,999]]>
            </line>
            <line>
              <![CDATA[Prodct Name: "KD-65A8G" Product Price: ₹2,32,490]]>
            </line>
            <line>
              <![CDATA[Prodct Name: "English, Hardcover, unknown" Product Price: ₹83,016]]>
            </line>
            <line>
              <![CDATA[Prodct Name: "Black, In the Ear" Product Price: ₹33,740]]>
            </line>
            <line>
              <![CDATA[Prodct Name: "Brown, Mono Channel" Product Price: ₹33,700]]>
            </line>
            <line>
              <![CDATA[Prodct Name: "Black, 5.1 Channel" Product Price: ₹31,999]]>
            </line>
            <line>
              <![CDATA[Prodct Name: "Black, 5.1 Channel" Product Price: ₹31,990]]>
            </line>
            <line>
              <![CDATA[Prodct Name: "Black, 2.1 Channel" Product Price: ₹30,999]]>
            </line>
            <line>
              <![CDATA[Prodct Name: "Black, 2.0 Channel" Product Price: ₹29,990]]>
            </line>
            <line>
              <![CDATA[Prodct Name: "Silver, On the Ear" Product Price: ₹28,990]]>
            </line>
            <line>
              <![CDATA[Prodct Name: "20.1 MP, 8x Optical Zoom, 4x Maximum (32x Combined Zoom) Digital Zoom, Black" Product Price: ₹84,999]]>
            </line>
            <line>
              <![CDATA[Prodct Name: "Black" Product Price: ₹79,999]]>
            </line>
            <line>
              <![CDATA[Prodct Name: "Black, For PS4" Product Price: ₹48,788]]>
            </line>
            <line>
              <![CDATA[Prodct Name: "20.1 MP, 2.9 Optical Zoom, 44x Digital Zoom, Black" Product Price: ₹44,999]]>
            </line>
            <line>
              <![CDATA[Prodct Name: "KD-55A8G" Product Price: ₹1,69,999]]>
            </line>
            <line>
              <![CDATA[Prodct Name: "KD-65X8000H" Product Price: ₹1,27,450]]>
            </line>
            <line>
              <![CDATA[Prodct Name: "English, Hardcover, unknown" Product Price: ₹74,635]]>
            </line>
            <line>
              <![CDATA[Prodct Name: "Black, 5.1 Channel" Product Price: ₹22,990]]>
            </line>
            <line>
              <![CDATA[Prodct Name: "Black, In the Ear" Product Price: ₹21,990]]>
            </line>
            <line>
              <![CDATA[Prodct Name: "Black, On the Ear" Product Price: ₹19,990]]>
            </line>
            <line>
              <![CDATA[Prodct Name: "Black, 5.1 Channel" Product Price: ₹19,990]]>
            </line>
            <line>
              <![CDATA[Prodct Name: "Black, 2.0 Channel" Product Price: ₹19,990]]>
            </line>
            <line>
              <![CDATA[Prodct Name: "Black, True Wireless" Product Price: ₹19,990]]>
            </line>
            <line>
              <![CDATA[Prodct Name: "Black, 3.1 Channel" Product Price: ₹19,990]]>
            </line>
            <line>
              <![CDATA[Prodct Name: "Black" Product Price: ₹43,990]]>
            </line>
            <line>
              <![CDATA[Prodct Name: "Black" Product Price: ₹43,190]]>
            </line>
            <line>
              <![CDATA[Prodct Name: "Black, For PS4" Product Price: ₹39,999]]>
            </line>
            <line>
              <![CDATA[Prodct Name: "Black" Product Price: ₹39,990]]>
            </line>
            <line>
              <![CDATA[Prodct Name: "KD-55X9500G" Product Price: ₹1,11,590]]>
            </line>
          </reporter-output>
        </test-method> <!-- getProductResults -->
        <test-method status="PASS" signature="sortProduct(java.lang.String)[pri:0, instance:executeTests.FlipkartTest@527740a2]" name="sortProduct" duration-ms="43329" started-at="2020-12-08T02:29:33Z" data-provider="testcount" finished-at="2020-12-08T02:30:16Z">
          <params>
            <param index="0">
              <value>
                <![CDATA[TC_001-1]]>
              </value>
            </param>
          </params>
          <reporter-output>
            <line>
              <![CDATA[Chrome Browser launched]]>
            </line>
            <line>
              <![CDATA[Application url opened in the browser]]>
            </line>
            <line>
              <![CDATA[Home Page Loaded Successfully]]>
            </line>
            <line>
              <![CDATA[Honor is populated in Product]]>
            </line>
            <line>
              <![CDATA[Login Close Button is clicked in the webpage]]>
            </line>
            <line>
              <![CDATA[Search Button is clicked in the webpage]]>
            </line>
            <line>
              <![CDATA[Search Button is clicked in the webpage]]>
            </line>
            <line>
              <![CDATA[High to Low Sort is clicked in the webpage]]>
            </line>
          </reporter-output>
        </test-method> <!-- sortProduct -->
        <test-method status="PASS" signature="sortProduct(java.lang.String)[pri:0, instance:executeTests.FlipkartTest@527740a2]" name="sortProduct" duration-ms="69565" started-at="2020-12-08T02:29:33Z" data-provider="testcount" finished-at="2020-12-08T02:30:42Z">
          <params>
            <param index="0">
              <value>
                <![CDATA[TC_001-2]]>
              </value>
            </param>
          </params>
          <reporter-output>
            <line>
              <![CDATA[Chrome Browser launched]]>
            </line>
            <line>
              <![CDATA[Application url opened in the browser]]>
            </line>
            <line>
              <![CDATA[Home Page Loaded Successfully]]>
            </line>
            <line>
              <![CDATA[Redmi is populated in Product]]>
            </line>
            <line>
              <![CDATA[Login Close Button is clicked in the webpage]]>
            </line>
            <line>
              <![CDATA[Search Button is clicked in the webpage]]>
            </line>
            <line>
              <![CDATA[Search Button is clicked in the webpage]]>
            </line>
            <line>
              <![CDATA[High to Low Sort is clicked in the webpage]]>
            </line>
          </reporter-output>
        </test-method> <!-- sortProduct -->
      </class> <!-- executeTests.FlipkartTest -->
    </test> <!-- FlipkartTest -->
  </suite> <!-- Suite -->
</testng-results>
