<?xml version="1.0" encoding="UTF-8"?>
<testng-results skipped="0" failed="0" total="1" passed="1">
  <reporter-output>
    <line>
      <![CDATA[Chrome Browser launched]]>
    </line>
    <line>
      <![CDATA[Application url opened in the browser]]>
    </line>
    <line>
      <![CDATA[Home Page Loaded Successfully]]>
    </line>
    <line>
      <![CDATA[Login is clicked in the webpage]]>
    </line>
    <line>
      <![CDATA[Able to login into the Application]]>
    </line>
    <line>
      <![CDATA[Honor is populated in Product]]>
    </line>
    <line>
      <![CDATA[Search Button is clicked in the webpage]]>
    </line>
    <line>
      <![CDATA[Product Search is Successfull]]>
    </line>
    <line>
      <![CDATA[High to Low Sort is clicked in the webpage]]>
    </line>
    <line>
      <![CDATA[Prodct Name: "Nexus 6P Special Edition (Gold, 64 GB)" Product Price: ₹42,998]]>
    </line>
    <line>
      <![CDATA[Prodct Name: "Huawei P9 (Prestige Gold, 32 GB)" Product Price: ₹39,999]]>
    </line>
    <line>
      <![CDATA[Prodct Name: "Huawei P9 (Mystic Silver, 32 GB)" Product Price: ₹39,999]]>
    </line>
    <line>
      <![CDATA[Prodct Name: "Huawei P9 (Titanium Grey, 32 GB)" Product Price: ₹39,999]]>
    </line>
    <line>
      <![CDATA[Prodct Name: "Honor 8" Product Price: ₹29,999]]>
    </line>
    <line>
      <![CDATA[Prodct Name: "Honor 8" Product Price: ₹29,999]]>
    </line>
    <line>
      <![CDATA[Prodct Name: "Honor 8" Product Price: ₹29,999]]>
    </line>
    <line>
      <![CDATA[Prodct Name: "Honor 6 Plus (Black, 32 GB)" Product Price: ₹26,499]]>
    </line>
    <line>
      <![CDATA[Prodct Name: "Honor Play (Midnight Black, 64 GB)" Product Price: ₹25,999]]>
    </line>
    <line>
      <![CDATA[Prodct Name: "Honor 20 (Midnight Black, 128 GB)" Product Price: ₹22,999]]>
    </line>
    <line>
      <![CDATA[Prodct Name: "Honor 20 (Sapphire Blue, 128 GB)" Product Price: ₹22,999]]>
    </line>
    <line>
      <![CDATA[Prodct Name: "Huawei Nova 3i (Black, 128 GB)" Product Price: ₹21,999]]>
    </line>
    <line>
      <![CDATA[Prodct Name: "Honor 9i (Prestige Gold, 64 GB)" Product Price: ₹19,999]]>
    </line>
    <line>
      <![CDATA[Prodct Name: "Honor 9i (Aurora Blue, 64 GB)" Product Price: ₹19,999]]>
    </line>
    <line>
      <![CDATA[Prodct Name: "Honor 9N (Midnight Black, 128 GB)" Product Price: ₹19,999]]>
    </line>
    <line>
      <![CDATA[Prodct Name: "Honor 9N (Sapphire Blue, 128 GB)" Product Price: ₹19,999]]>
    </line>
    <line>
      <![CDATA[Prodct Name: "Honor 8X (Blue, 64 GB)" Product Price: ₹19,999]]>
    </line>
    <line>
      <![CDATA[Prodct Name: "Honor 9X (Midnight Black, 128 GB)" Product Price: ₹16,999]]>
    </line>
    <line>
      <![CDATA[Prodct Name: "Honor 9X (Sapphire Blue, 128 GB)" Product Price: ₹16,999]]>
    </line>
    <line>
      <![CDATA[Prodct Name: "Honor 8 Lite (Black, 64 GB)" Product Price: ₹16,900]]>
    </line>
    <line>
      <![CDATA[Prodct Name: "Huawei Y9 Prime 2019 (Emerald Green, 128 GB)" Product Price: ₹15,999]]>
    </line>
    <line>
      <![CDATA[Prodct Name: "Huawei Y9 Prime 2019 (Sapphire Blue, 128 GB)" Product Price: ₹15,999]]>
    </line>
    <line>
      <![CDATA[Prodct Name: "Honor 9N (Midnight Black, 64 GB)" Product Price: ₹15,999]]>
    </line>
    <line>
      <![CDATA[Prodct Name: "Honor 9N (Sapphire Blue, 64 GB)" Product Price: ₹15,999]]>
    </line>
    <line>
      <![CDATA[Product view detail page is Successfully loaded]]>
    </line>
    <line>
      <![CDATA[Buy Product is clicked in the webpage]]>
    </line>
    <line>
      <![CDATA[Deliver Here is clicked in the webpage]]>
    </line>
    <line>
      <![CDATA[Payment Continue is clicked in the webpage]]>
    </line>
    <line>
      <![CDATA[Product Cart detail page is Successfully loaded]]>
    </line>
  </reporter-output>
  <suite name="Suite" duration-ms="110022" started-at="2020-06-09T16:56:07Z" finished-at="2020-06-09T16:57:57Z">
    <groups>
    </groups>
    <test name="FlipkartTest" duration-ms="110022" started-at="2020-06-09T16:56:07Z" finished-at="2020-06-09T16:57:57Z">
      <class name="executeTests.FlipkartTest">
        <test-method status="PASS" signature="beforeTest()[pri:0, instance:executeTests.FlipkartTest@56235b8e]" name="beforeTest" is-config="true" duration-ms="3544" started-at="2020-06-09T22:26:07Z" finished-at="2020-06-09T22:26:11Z">
          <reporter-output>
            <line>
              <![CDATA[Chrome Browser launched]]>
            </line>
          </reporter-output>
        </test-method> <!-- beforeTest -->
        <test-method status="PASS" signature="searchProduct(org.testng.ITestContext)[pri:0, instance:executeTests.FlipkartTest@56235b8e]" name="searchProduct" duration-ms="105680" started-at="2020-06-09T22:26:11Z" finished-at="2020-06-09T22:27:56Z">
          <params>
            <param index="0">
              <value>
                <![CDATA[org.testng.TestRunner@50378a4]]>
              </value>
            </param>
          </params>
          <reporter-output>
            <line>
              <![CDATA[Application url opened in the browser]]>
            </line>
            <line>
              <![CDATA[Home Page Loaded Successfully]]>
            </line>
            <line>
              <![CDATA[Login is clicked in the webpage]]>
            </line>
            <line>
              <![CDATA[Able to login into the Application]]>
            </line>
            <line>
              <![CDATA[Honor is populated in Product]]>
            </line>
            <line>
              <![CDATA[Search Button is clicked in the webpage]]>
            </line>
            <line>
              <![CDATA[Product Search is Successfull]]>
            </line>
            <line>
              <![CDATA[High to Low Sort is clicked in the webpage]]>
            </line>
            <line>
              <![CDATA[Prodct Name: "Nexus 6P Special Edition (Gold, 64 GB)" Product Price: ₹42,998]]>
            </line>
            <line>
              <![CDATA[Prodct Name: "Huawei P9 (Prestige Gold, 32 GB)" Product Price: ₹39,999]]>
            </line>
            <line>
              <![CDATA[Prodct Name: "Huawei P9 (Mystic Silver, 32 GB)" Product Price: ₹39,999]]>
            </line>
            <line>
              <![CDATA[Prodct Name: "Huawei P9 (Titanium Grey, 32 GB)" Product Price: ₹39,999]]>
            </line>
            <line>
              <![CDATA[Prodct Name: "Honor 8" Product Price: ₹29,999]]>
            </line>
            <line>
              <![CDATA[Prodct Name: "Honor 8" Product Price: ₹29,999]]>
            </line>
            <line>
              <![CDATA[Prodct Name: "Honor 8" Product Price: ₹29,999]]>
            </line>
            <line>
              <![CDATA[Prodct Name: "Honor 6 Plus (Black, 32 GB)" Product Price: ₹26,499]]>
            </line>
            <line>
              <![CDATA[Prodct Name: "Honor Play (Midnight Black, 64 GB)" Product Price: ₹25,999]]>
            </line>
            <line>
              <![CDATA[Prodct Name: "Honor 20 (Midnight Black, 128 GB)" Product Price: ₹22,999]]>
            </line>
            <line>
              <![CDATA[Prodct Name: "Honor 20 (Sapphire Blue, 128 GB)" Product Price: ₹22,999]]>
            </line>
            <line>
              <![CDATA[Prodct Name: "Huawei Nova 3i (Black, 128 GB)" Product Price: ₹21,999]]>
            </line>
            <line>
              <![CDATA[Prodct Name: "Honor 9i (Prestige Gold, 64 GB)" Product Price: ₹19,999]]>
            </line>
            <line>
              <![CDATA[Prodct Name: "Honor 9i (Aurora Blue, 64 GB)" Product Price: ₹19,999]]>
            </line>
            <line>
              <![CDATA[Prodct Name: "Honor 9N (Midnight Black, 128 GB)" Product Price: ₹19,999]]>
            </line>
            <line>
              <![CDATA[Prodct Name: "Honor 9N (Sapphire Blue, 128 GB)" Product Price: ₹19,999]]>
            </line>
            <line>
              <![CDATA[Prodct Name: "Honor 8X (Blue, 64 GB)" Product Price: ₹19,999]]>
            </line>
            <line>
              <![CDATA[Prodct Name: "Honor 9X (Midnight Black, 128 GB)" Product Price: ₹16,999]]>
            </line>
            <line>
              <![CDATA[Prodct Name: "Honor 9X (Sapphire Blue, 128 GB)" Product Price: ₹16,999]]>
            </line>
            <line>
              <![CDATA[Prodct Name: "Honor 8 Lite (Black, 64 GB)" Product Price: ₹16,900]]>
            </line>
            <line>
              <![CDATA[Prodct Name: "Huawei Y9 Prime 2019 (Emerald Green, 128 GB)" Product Price: ₹15,999]]>
            </line>
            <line>
              <![CDATA[Prodct Name: "Huawei Y9 Prime 2019 (Sapphire Blue, 128 GB)" Product Price: ₹15,999]]>
            </line>
            <line>
              <![CDATA[Prodct Name: "Honor 9N (Midnight Black, 64 GB)" Product Price: ₹15,999]]>
            </line>
            <line>
              <![CDATA[Prodct Name: "Honor 9N (Sapphire Blue, 64 GB)" Product Price: ₹15,999]]>
            </line>
            <line>
              <![CDATA[Product view detail page is Successfully loaded]]>
            </line>
            <line>
              <![CDATA[Buy Product is clicked in the webpage]]>
            </line>
            <line>
              <![CDATA[Deliver Here is clicked in the webpage]]>
            </line>
            <line>
              <![CDATA[Payment Continue is clicked in the webpage]]>
            </line>
            <line>
              <![CDATA[Product Cart detail page is Successfully loaded]]>
            </line>
          </reporter-output>
        </test-method> <!-- searchProduct -->
        <test-method status="PASS" signature="afterTest()[pri:0, instance:executeTests.FlipkartTest@56235b8e]" name="afterTest" is-config="true" duration-ms="769" started-at="2020-06-09T22:27:56Z" finished-at="2020-06-09T22:27:57Z">
          <reporter-output>
          </reporter-output>
        </test-method> <!-- afterTest -->
      </class> <!-- executeTests.FlipkartTest -->
    </test> <!-- FlipkartTest -->
  </suite> <!-- Suite -->
</testng-results>
